2019-11-27 09:38:25 URL:http://ftpmaster.internal/ubuntu/dists/disco/InRelease [257219/257219] -> "/build/chroot/var/lib/apt/lists/partial/ftpmaster.internal_ubuntu_dists_disco_InRelease" [1]
gpgv: Signature made Thu Apr 18 09:41:01 2019 UTC
gpgv:                using RSA key 3B4FE6ACC0B21F32
gpgv: Good signature from "Ubuntu Archive Automatic Signing Key (2012) <ftpmaster@ubuntu.com>"
gpgv: Signature made Thu Apr 18 09:41:01 2019 UTC
gpgv:                using RSA key 871920D1991BC93C
gpgv: Good signature from "Ubuntu Archive Automatic Signing Key (2018) <ftpmaster@ubuntu.com>"
2019-11-27 09:38:28 URL:http://ftpmaster.internal/ubuntu/dists/disco/main/binary-armhf/by-hash/SHA256/167ce2ab3ff6479e10f35aa740579a29ce496777549390428dfb0de493fde875 [955544/955544] -> "/build/chroot/var/lib/apt/lists/partial/ftpmaster.internal_ubuntu_dists_disco_main_binary-armhf_Packages.xz" [1]
2019-11-27 09:38:29 URL:http://ftpmaster.internal/ubuntu/dists/disco/restricted/binary-armhf/by-hash/SHA256/7476717a67eff67087f9203b0c59a24710e6ffdf57bc5ff9bb469b5e32528b61 [8584/8584] -> "/build/chroot/var/lib/apt/lists/partial/ftpmaster.internal_ubuntu_dists_disco_restricted_binary-armhf_Packages.xz" [1]
2019-11-27 09:38:33 URL:http://ftpmaster.internal/ubuntu/pool/main/a/adduser/adduser_3.118ubuntu1_all.deb [162656/162656] -> "/build/chroot//var/cache/apt/archives/partial/adduser_3.118ubuntu1_all.deb" [1]
2019-11-27 09:38:33 URL:http://ftpmaster.internal/ubuntu/pool/main/a/apt/apt_1.8.0_armhf.deb [1159072/1159072] -> "/build/chroot//var/cache/apt/archives/partial/apt_1.8.0_armhf.deb" [1]
2019-11-27 09:38:33 URL:http://ftpmaster.internal/ubuntu/pool/main/b/base-files/base-files_10.1ubuntu9_armhf.deb [59744/59744] -> "/build/chroot//var/cache/apt/archives/partial/base-files_10.1ubuntu9_armhf.deb" [1]
2019-11-27 09:38:33 URL:http://ftpmaster.internal/ubuntu/pool/main/b/base-passwd/base-passwd_3.5.46_armhf.deb [45904/45904] -> "/build/chroot//var/cache/apt/archives/partial/base-passwd_3.5.46_armhf.deb" [1]
2019-11-27 09:38:33 URL:http://ftpmaster.internal/ubuntu/pool/main/b/bash/bash_5.0-3ubuntu1_armhf.deb [572016/572016] -> "/build/chroot//var/cache/apt/archives/partial/bash_5.0-3ubuntu1_armhf.deb" [1]
2019-11-27 09:38:33 URL:http://ftpmaster.internal/ubuntu/pool/main/u/util-linux/bsdutils_2.33.1-0.1ubuntu2_armhf.deb [58060/58060] -> "/build/chroot//var/cache/apt/archives/partial/bsdutils_1%3a2.33.1-0.1ubuntu2_armhf.deb" [1]
2019-11-27 09:38:33 URL:http://ftpmaster.internal/ubuntu/pool/main/b/bzip2/bzip2_1.0.6-9_armhf.deb [32076/32076] -> "/build/chroot//var/cache/apt/archives/partial/bzip2_1.0.6-9_armhf.deb" [1]
2019-11-27 09:38:33 URL:http://ftpmaster.internal/ubuntu/pool/main/c/coreutils/coreutils_8.30-1ubuntu1_armhf.deb [1125624/1125624] -> "/build/chroot//var/cache/apt/archives/partial/coreutils_8.30-1ubuntu1_armhf.deb" [1]
2019-11-27 09:38:33 URL:http://ftpmaster.internal/ubuntu/pool/main/d/dash/dash_0.5.10.2-4ubuntu1_armhf.deb [78204/78204] -> "/build/chroot//var/cache/apt/archives/partial/dash_0.5.10.2-4ubuntu1_armhf.deb" [1]
2019-11-27 09:38:33 URL:http://ftpmaster.internal/ubuntu/pool/main/d/debconf/debconf_1.5.71_all.deb [121856/121856] -> "/build/chroot//var/cache/apt/archives/partial/debconf_1.5.71_all.deb" [1]
2019-11-27 09:38:33 URL:http://ftpmaster.internal/ubuntu/pool/main/d/debianutils/debianutils_4.8.6.1_armhf.deb [84208/84208] -> "/build/chroot//var/cache/apt/archives/partial/debianutils_4.8.6.1_armhf.deb" [1]
2019-11-27 09:38:33 URL:http://ftpmaster.internal/ubuntu/pool/main/d/diffutils/diffutils_3.7-2_armhf.deb [179612/179612] -> "/build/chroot//var/cache/apt/archives/partial/diffutils_1%3a3.7-2_armhf.deb" [1]
2019-11-27 09:38:33 URL:http://ftpmaster.internal/ubuntu/pool/main/d/dpkg/dpkg_1.19.6ubuntu1_armhf.deb [1084672/1084672] -> "/build/chroot//var/cache/apt/archives/partial/dpkg_1.19.6ubuntu1_armhf.deb" [1]
2019-11-27 09:38:33 URL:http://ftpmaster.internal/ubuntu/pool/main/e/e2fsprogs/e2fsprogs_1.44.6-1_armhf.deb [492672/492672] -> "/build/chroot//var/cache/apt/archives/partial/e2fsprogs_1.44.6-1_armhf.deb" [1]
2019-11-27 09:38:33 URL:http://ftpmaster.internal/ubuntu/pool/main/u/util-linux/fdisk_2.33.1-0.1ubuntu2_armhf.deb [105644/105644] -> "/build/chroot//var/cache/apt/archives/partial/fdisk_2.33.1-0.1ubuntu2_armhf.deb" [1]
2019-11-27 09:38:33 URL:http://ftpmaster.internal/ubuntu/pool/main/f/findutils/findutils_4.6.0+git+20190209-2_armhf.deb [306732/306732] -> "/build/chroot//var/cache/apt/archives/partial/findutils_4.6.0+git+20190209-2_armhf.deb" [1]
2019-11-27 09:38:34 URL:http://ftpmaster.internal/ubuntu/pool/main/g/gcc-9/gcc-9-base_9-20190402-1ubuntu1_armhf.deb [16940/16940] -> "/build/chroot//var/cache/apt/archives/partial/gcc-9-base_9-20190402-1ubuntu1_armhf.deb" [1]
2019-11-27 09:38:34 URL:http://ftpmaster.internal/ubuntu/pool/main/g/gnupg2/gpgv_2.2.12-1ubuntu3_armhf.deb [167012/167012] -> "/build/chroot//var/cache/apt/archives/partial/gpgv_2.2.12-1ubuntu3_armhf.deb" [1]
2019-11-27 09:38:34 URL:http://ftpmaster.internal/ubuntu/pool/main/g/grep/grep_3.3-1_armhf.deb [138028/138028] -> "/build/chroot//var/cache/apt/archives/partial/grep_3.3-1_armhf.deb" [1]
2019-11-27 09:38:34 URL:http://ftpmaster.internal/ubuntu/pool/main/g/gzip/gzip_1.9-3_armhf.deb [89800/89800] -> "/build/chroot//var/cache/apt/archives/partial/gzip_1.9-3_armhf.deb" [1]
2019-11-27 09:38:34 URL:http://ftpmaster.internal/ubuntu/pool/main/h/hostname/hostname_3.21_armhf.deb [10296/10296] -> "/build/chroot//var/cache/apt/archives/partial/hostname_3.21_armhf.deb" [1]
2019-11-27 09:38:34 URL:http://ftpmaster.internal/ubuntu/pool/main/i/init-system-helpers/init-system-helpers_1.56+nmu1_all.deb [38228/38228] -> "/build/chroot//var/cache/apt/archives/partial/init-system-helpers_1.56+nmu1_all.deb" [1]
2019-11-27 09:38:34 URL:http://ftpmaster.internal/ubuntu/pool/main/a/acl/libacl1_2.2.53-4_armhf.deb [15816/15816] -> "/build/chroot//var/cache/apt/archives/partial/libacl1_2.2.53-4_armhf.deb" [1]
2019-11-27 09:38:34 URL:http://ftpmaster.internal/ubuntu/pool/main/a/apt/libapt-pkg5.0_1.8.0_armhf.deb [737828/737828] -> "/build/chroot//var/cache/apt/archives/partial/libapt-pkg5.0_1.8.0_armhf.deb" [1]
2019-11-27 09:38:34 URL:http://ftpmaster.internal/ubuntu/pool/main/a/attr/libattr1_2.4.48-4_armhf.deb [11296/11296] -> "/build/chroot//var/cache/apt/archives/partial/libattr1_1%3a2.4.48-4_armhf.deb" [1]
2019-11-27 09:38:34 URL:http://ftpmaster.internal/ubuntu/pool/main/a/audit/libaudit-common_2.8.3-1ubuntu3_all.deb [4068/4068] -> "/build/chroot//var/cache/apt/archives/partial/libaudit-common_1%3a2.8.3-1ubuntu3_all.deb" [1]
2019-11-27 09:38:34 URL:http://ftpmaster.internal/ubuntu/pool/main/a/audit/libaudit1_2.8.3-1ubuntu3_armhf.deb [35508/35508] -> "/build/chroot//var/cache/apt/archives/partial/libaudit1_1%3a2.8.3-1ubuntu3_armhf.deb" [1]
2019-11-27 09:38:34 URL:http://ftpmaster.internal/ubuntu/pool/main/u/util-linux/libblkid1_2.33.1-0.1ubuntu2_armhf.deb [118872/118872] -> "/build/chroot//var/cache/apt/archives/partial/libblkid1_2.33.1-0.1ubuntu2_armhf.deb" [1]
2019-11-27 09:38:34 URL:http://ftpmaster.internal/ubuntu/pool/main/b/bzip2/libbz2-1.0_1.0.6-9_armhf.deb [30932/30932] -> "/build/chroot//var/cache/apt/archives/partial/libbz2-1.0_1.0.6-9_armhf.deb" [1]
2019-11-27 09:38:34 URL:http://ftpmaster.internal/ubuntu/pool/main/g/glibc/libc-bin_2.29-0ubuntu2_armhf.deb [459124/459124] -> "/build/chroot//var/cache/apt/archives/partial/libc-bin_2.29-0ubuntu2_armhf.deb" [1]
2019-11-27 09:38:34 URL:http://ftpmaster.internal/ubuntu/pool/main/g/glibc/libc6_2.29-0ubuntu2_armhf.deb [2131028/2131028] -> "/build/chroot//var/cache/apt/archives/partial/libc6_2.29-0ubuntu2_armhf.deb" [1]
2019-11-27 09:38:34 URL:http://ftpmaster.internal/ubuntu/pool/main/libc/libcap-ng/libcap-ng0_0.7.9-2_armhf.deb [9656/9656] -> "/build/chroot//var/cache/apt/archives/partial/libcap-ng0_0.7.9-2_armhf.deb" [1]
2019-11-27 09:38:34 URL:http://ftpmaster.internal/ubuntu/pool/main/e/e2fsprogs/libcom-err2_1.44.6-1_armhf.deb [8712/8712] -> "/build/chroot//var/cache/apt/archives/partial/libcom-err2_1.44.6-1_armhf.deb" [1]
2019-11-27 09:38:34 URL:http://ftpmaster.internal/ubuntu/pool/main/d/db5.3/libdb5.3_5.3.28+dfsg1-0.5_armhf.deb [589532/589532] -> "/build/chroot//var/cache/apt/archives/partial/libdb5.3_5.3.28+dfsg1-0.5_armhf.deb" [1]
2019-11-27 09:38:34 URL:http://ftpmaster.internal/ubuntu/pool/main/c/cdebconf/libdebconfclient0_0.247ubuntu1_armhf.deb [5900/5900] -> "/build/chroot//var/cache/apt/archives/partial/libdebconfclient0_0.247ubuntu1_armhf.deb" [1]
2019-11-27 09:38:34 URL:http://ftpmaster.internal/ubuntu/pool/main/e/e2fsprogs/libext2fs2_1.44.6-1_armhf.deb [145912/145912] -> "/build/chroot//var/cache/apt/archives/partial/libext2fs2_1.44.6-1_armhf.deb" [1]
2019-11-27 09:38:35 URL:http://ftpmaster.internal/ubuntu/pool/main/u/util-linux/libfdisk1_2.33.1-0.1ubuntu2_armhf.deb [159044/159044] -> "/build/chroot//var/cache/apt/archives/partial/libfdisk1_2.33.1-0.1ubuntu2_armhf.deb" [1]
2019-11-27 09:38:35 URL:http://ftpmaster.internal/ubuntu/pool/main/libf/libffi/libffi6_3.2.1-9_armhf.deb [16132/16132] -> "/build/chroot//var/cache/apt/archives/partial/libffi6_3.2.1-9_armhf.deb" [1]
2019-11-27 09:38:35 URL:http://ftpmaster.internal/ubuntu/pool/main/g/gcc-9/libgcc1_9-20190402-1ubuntu1_armhf.deb [37420/37420] -> "/build/chroot//var/cache/apt/archives/partial/libgcc1_1%3a9-20190402-1ubuntu1_armhf.deb" [1]
2019-11-27 09:38:35 URL:http://ftpmaster.internal/ubuntu/pool/main/libg/libgcrypt20/libgcrypt20_1.8.4-3ubuntu1_armhf.deb [363888/363888] -> "/build/chroot//var/cache/apt/archives/partial/libgcrypt20_1.8.4-3ubuntu1_armhf.deb" [1]
2019-11-27 09:38:35 URL:http://ftpmaster.internal/ubuntu/pool/main/g/gmp/libgmp10_6.1.2+dfsg-4_armhf.deb [191468/191468] -> "/build/chroot//var/cache/apt/archives/partial/libgmp10_2%3a6.1.2+dfsg-4_armhf.deb" [1]
2019-11-27 09:38:35 URL:http://ftpmaster.internal/ubuntu/pool/main/g/gnutls28/libgnutls30_3.6.5-2ubuntu1_armhf.deb [700296/700296] -> "/build/chroot//var/cache/apt/archives/partial/libgnutls30_3.6.5-2ubuntu1_armhf.deb" [1]
2019-11-27 09:38:35 URL:http://ftpmaster.internal/ubuntu/pool/main/libg/libgpg-error/libgpg-error0_1.35-1_armhf.deb [49344/49344] -> "/build/chroot//var/cache/apt/archives/partial/libgpg-error0_1.35-1_armhf.deb" [1]
2019-11-27 09:38:35 URL:http://ftpmaster.internal/ubuntu/pool/main/n/nettle/libhogweed4_3.4.1-1_armhf.deb [129340/129340] -> "/build/chroot//var/cache/apt/archives/partial/libhogweed4_3.4.1-1_armhf.deb" [1]
2019-11-27 09:38:35 URL:http://ftpmaster.internal/ubuntu/pool/main/libi/libidn2/libidn2-0_2.0.5-1_armhf.deb [46012/46012] -> "/build/chroot//var/cache/apt/archives/partial/libidn2-0_2.0.5-1_armhf.deb" [1]
2019-11-27 09:38:35 URL:http://ftpmaster.internal/ubuntu/pool/main/l/lz4/liblz4-1_1.8.3-1ubuntu1_armhf.deb [66564/66564] -> "/build/chroot//var/cache/apt/archives/partial/liblz4-1_1.8.3-1ubuntu1_armhf.deb" [1]
2019-11-27 09:38:35 URL:http://ftpmaster.internal/ubuntu/pool/main/x/xz-utils/liblzma5_5.2.4-1_armhf.deb [84584/84584] -> "/build/chroot//var/cache/apt/archives/partial/liblzma5_5.2.4-1_armhf.deb" [1]
2019-11-27 09:38:35 URL:http://ftpmaster.internal/ubuntu/pool/main/u/util-linux/libmount1_2.33.1-0.1ubuntu2_armhf.deb [129548/129548] -> "/build/chroot//var/cache/apt/archives/partial/libmount1_2.33.1-0.1ubuntu2_armhf.deb" [1]
2019-11-27 09:38:35 URL:http://ftpmaster.internal/ubuntu/pool/main/n/ncurses/libncurses6_6.1+20181013-2ubuntu2_armhf.deb [78988/78988] -> "/build/chroot//var/cache/apt/archives/partial/libncurses6_6.1+20181013-2ubuntu2_armhf.deb" [1]
2019-11-27 09:38:35 URL:http://ftpmaster.internal/ubuntu/pool/main/n/ncurses/libncursesw6_6.1+20181013-2ubuntu2_armhf.deb [104524/104524] -> "/build/chroot//var/cache/apt/archives/partial/libncursesw6_6.1+20181013-2ubuntu2_armhf.deb" [1]
2019-11-27 09:38:35 URL:http://ftpmaster.internal/ubuntu/pool/main/n/nettle/libnettle6_3.4.1-1_armhf.deb [123488/123488] -> "/build/chroot//var/cache/apt/archives/partial/libnettle6_3.4.1-1_armhf.deb" [1]
2019-11-27 09:38:35 URL:http://ftpmaster.internal/ubuntu/pool/main/p/p11-kit/libp11-kit0_0.23.15-2_armhf.deb [163216/163216] -> "/build/chroot//var/cache/apt/archives/partial/libp11-kit0_0.23.15-2_armhf.deb" [1]
2019-11-27 09:38:35 URL:http://ftpmaster.internal/ubuntu/pool/main/p/pam/libpam-modules_1.3.1-5ubuntu1_armhf.deb [230368/230368] -> "/build/chroot//var/cache/apt/archives/partial/libpam-modules_1.3.1-5ubuntu1_armhf.deb" [1]
2019-11-27 09:38:35 URL:http://ftpmaster.internal/ubuntu/pool/main/p/pam/libpam-modules-bin_1.3.1-5ubuntu1_armhf.deb [33056/33056] -> "/build/chroot//var/cache/apt/archives/partial/libpam-modules-bin_1.3.1-5ubuntu1_armhf.deb" [1]
2019-11-27 09:38:36 URL:http://ftpmaster.internal/ubuntu/pool/main/p/pam/libpam-runtime_1.3.1-5ubuntu1_all.deb [37276/37276] -> "/build/chroot//var/cache/apt/archives/partial/libpam-runtime_1.3.1-5ubuntu1_all.deb" [1]
2019-11-27 09:38:36 URL:http://ftpmaster.internal/ubuntu/pool/main/p/pam/libpam0g_1.3.1-5ubuntu1_armhf.deb [50500/50500] -> "/build/chroot//var/cache/apt/archives/partial/libpam0g_1.3.1-5ubuntu1_armhf.deb" [1]
2019-11-27 09:38:36 URL:http://ftpmaster.internal/ubuntu/pool/main/p/pcre3/libpcre3_8.39-12_armhf.deb [207336/207336] -> "/build/chroot//var/cache/apt/archives/partial/libpcre3_2%3a8.39-12_armhf.deb" [1]
2019-11-27 09:38:36 URL:http://ftpmaster.internal/ubuntu/pool/main/p/procps/libprocps7_3.3.15-2ubuntu2_armhf.deb [29772/29772] -> "/build/chroot//var/cache/apt/archives/partial/libprocps7_2%3a3.3.15-2ubuntu2_armhf.deb" [1]
2019-11-27 09:38:36 URL:http://ftpmaster.internal/ubuntu/pool/main/libs/libseccomp/libseccomp2_2.3.3-3ubuntu2_armhf.deb [30500/30500] -> "/build/chroot//var/cache/apt/archives/partial/libseccomp2_2.3.3-3ubuntu2_armhf.deb" [1]
2019-11-27 09:38:36 URL:http://ftpmaster.internal/ubuntu/pool/main/libs/libselinux/libselinux1_2.8-1build2_armhf.deb [59072/59072] -> "/build/chroot//var/cache/apt/archives/partial/libselinux1_2.8-1build2_armhf.deb" [1]
2019-11-27 09:38:36 URL:http://ftpmaster.internal/ubuntu/pool/main/libs/libsemanage/libsemanage-common_2.8-2_all.deb [7016/7016] -> "/build/chroot//var/cache/apt/archives/partial/libsemanage-common_2.8-2_all.deb" [1]
2019-11-27 09:38:36 URL:http://ftpmaster.internal/ubuntu/pool/main/libs/libsemanage/libsemanage1_2.8-2_armhf.deb [72688/72688] -> "/build/chroot//var/cache/apt/archives/partial/libsemanage1_2.8-2_armhf.deb" [1]
2019-11-27 09:38:36 URL:http://ftpmaster.internal/ubuntu/pool/main/libs/libsepol/libsepol1_2.8-1_armhf.deb [219448/219448] -> "/build/chroot//var/cache/apt/archives/partial/libsepol1_2.8-1_armhf.deb" [1]
2019-11-27 09:38:36 URL:http://ftpmaster.internal/ubuntu/pool/main/u/util-linux/libsmartcols1_2.33.1-0.1ubuntu2_armhf.deb [80664/80664] -> "/build/chroot//var/cache/apt/archives/partial/libsmartcols1_2.33.1-0.1ubuntu2_armhf.deb" [1]
2019-11-27 09:38:36 URL:http://ftpmaster.internal/ubuntu/pool/main/e/e2fsprogs/libss2_1.44.6-1_armhf.deb [9332/9332] -> "/build/chroot//var/cache/apt/archives/partial/libss2_1.44.6-1_armhf.deb" [1]
2019-11-27 09:38:36 URL:http://ftpmaster.internal/ubuntu/pool/main/g/gcc-9/libstdc++6_9-20190402-1ubuntu1_armhf.deb [450860/450860] -> "/build/chroot//var/cache/apt/archives/partial/libstdc++6_9-20190402-1ubuntu1_armhf.deb" [1]
2019-11-27 09:38:36 URL:http://ftpmaster.internal/ubuntu/pool/main/s/systemd/libsystemd0_240-6ubuntu5_armhf.deb [220880/220880] -> "/build/chroot//var/cache/apt/archives/partial/libsystemd0_240-6ubuntu5_armhf.deb" [1]
2019-11-27 09:38:36 URL:http://ftpmaster.internal/ubuntu/pool/main/libt/libtasn1-6/libtasn1-6_4.13-3_armhf.deb [31088/31088] -> "/build/chroot//var/cache/apt/archives/partial/libtasn1-6_4.13-3_armhf.deb" [1]
2019-11-27 09:38:36 URL:http://ftpmaster.internal/ubuntu/pool/main/n/ncurses/libtinfo6_6.1+20181013-2ubuntu2_armhf.deb [70748/70748] -> "/build/chroot//var/cache/apt/archives/partial/libtinfo6_6.1+20181013-2ubuntu2_armhf.deb" [1]
2019-11-27 09:38:36 URL:http://ftpmaster.internal/ubuntu/pool/main/s/systemd/libudev1_240-6ubuntu5_armhf.deb [57980/57980] -> "/build/chroot//var/cache/apt/archives/partial/libudev1_240-6ubuntu5_armhf.deb" [1]
2019-11-27 09:38:36 URL:http://ftpmaster.internal/ubuntu/pool/main/libu/libunistring/libunistring2_0.9.10-1ubuntu2_armhf.deb [357100/357100] -> "/build/chroot//var/cache/apt/archives/partial/libunistring2_0.9.10-1ubuntu2_armhf.deb" [1]
2019-11-27 09:38:36 URL:http://ftpmaster.internal/ubuntu/pool/main/u/util-linux/libuuid1_2.33.1-0.1ubuntu2_armhf.deb [20224/20224] -> "/build/chroot//var/cache/apt/archives/partial/libuuid1_2.33.1-0.1ubuntu2_armhf.deb" [1]
2019-11-27 09:38:36 URL:http://ftpmaster.internal/ubuntu/pool/main/libz/libzstd/libzstd1_1.3.8+dfsg-3_armhf.deb [195024/195024] -> "/build/chroot//var/cache/apt/archives/partial/libzstd1_1.3.8+dfsg-3_armhf.deb" [1]
2019-11-27 09:38:36 URL:http://ftpmaster.internal/ubuntu/pool/main/s/shadow/login_4.5-1.1ubuntu2_armhf.deb [260816/260816] -> "/build/chroot//var/cache/apt/archives/partial/login_1%3a4.5-1.1ubuntu2_armhf.deb" [1]
2019-11-27 09:38:37 URL:http://ftpmaster.internal/ubuntu/pool/main/l/lsb/lsb-base_10.2019031300ubuntu1_all.deb [12520/12520] -> "/build/chroot//var/cache/apt/archives/partial/lsb-base_10.2019031300ubuntu1_all.deb" [1]
2019-11-27 09:38:37 URL:http://ftpmaster.internal/ubuntu/pool/main/m/mawk/mawk_1.3.3-17ubuntu3_armhf.deb [72516/72516] -> "/build/chroot//var/cache/apt/archives/partial/mawk_1.3.3-17ubuntu3_armhf.deb" [1]
2019-11-27 09:38:37 URL:http://ftpmaster.internal/ubuntu/pool/main/u/util-linux/mount_2.33.1-0.1ubuntu2_armhf.deb [104552/104552] -> "/build/chroot//var/cache/apt/archives/partial/mount_2.33.1-0.1ubuntu2_armhf.deb" [1]
2019-11-27 09:38:37 URL:http://ftpmaster.internal/ubuntu/pool/main/n/ncurses/ncurses-base_6.1+20181013-2ubuntu2_all.deb [17868/17868] -> "/build/chroot//var/cache/apt/archives/partial/ncurses-base_6.1+20181013-2ubuntu2_all.deb" [1]
2019-11-27 09:38:37 URL:http://ftpmaster.internal/ubuntu/pool/main/n/ncurses/ncurses-bin_6.1+20181013-2ubuntu2_armhf.deb [155728/155728] -> "/build/chroot//var/cache/apt/archives/partial/ncurses-bin_6.1+20181013-2ubuntu2_armhf.deb" [1]
2019-11-27 09:38:37 URL:http://ftpmaster.internal/ubuntu/pool/main/s/shadow/passwd_4.5-1.1ubuntu2_armhf.deb [768072/768072] -> "/build/chroot//var/cache/apt/archives/partial/passwd_1%3a4.5-1.1ubuntu2_armhf.deb" [1]
2019-11-27 09:38:37 URL:http://ftpmaster.internal/ubuntu/pool/main/p/perl/perl-base_5.28.1-6_armhf.deb [1398452/1398452] -> "/build/chroot//var/cache/apt/archives/partial/perl-base_5.28.1-6_armhf.deb" [1]
2019-11-27 09:38:37 URL:http://ftpmaster.internal/ubuntu/pool/main/p/procps/procps_3.3.15-2ubuntu2_armhf.deb [219080/219080] -> "/build/chroot//var/cache/apt/archives/partial/procps_2%3a3.3.15-2ubuntu2_armhf.deb" [1]
2019-11-27 09:38:37 URL:http://ftpmaster.internal/ubuntu/pool/main/s/sed/sed_4.7-1_armhf.deb [181412/181412] -> "/build/chroot//var/cache/apt/archives/partial/sed_4.7-1_armhf.deb" [1]
2019-11-27 09:38:37 URL:http://ftpmaster.internal/ubuntu/pool/main/s/sensible-utils/sensible-utils_0.0.12_all.deb [14796/14796] -> "/build/chroot//var/cache/apt/archives/partial/sensible-utils_0.0.12_all.deb" [1]
2019-11-27 09:38:37 URL:http://ftpmaster.internal/ubuntu/pool/main/s/sysvinit/sysvinit-utils_2.88dsf-59.10ubuntu2_armhf.deb [17172/17172] -> "/build/chroot//var/cache/apt/archives/partial/sysvinit-utils_2.88dsf-59.10ubuntu2_armhf.deb" [1]
2019-11-27 09:38:37 URL:http://ftpmaster.internal/ubuntu/pool/main/t/tar/tar_1.30+dfsg-5_armhf.deb [218812/218812] -> "/build/chroot//var/cache/apt/archives/partial/tar_1.30+dfsg-5_armhf.deb" [1]
2019-11-27 09:38:37 URL:http://ftpmaster.internal/ubuntu/pool/main/u/ubuntu-keyring/ubuntu-keyring_2018.09.18.1_all.deb [22344/22344] -> "/build/chroot//var/cache/apt/archives/partial/ubuntu-keyring_2018.09.18.1_all.deb" [1]
2019-11-27 09:38:37 URL:http://ftpmaster.internal/ubuntu/pool/main/u/util-linux/util-linux_2.33.1-0.1ubuntu2_armhf.deb [925448/925448] -> "/build/chroot//var/cache/apt/archives/partial/util-linux_2.33.1-0.1ubuntu2_armhf.deb" [1]
2019-11-27 09:38:37 URL:http://ftpmaster.internal/ubuntu/pool/main/z/zlib/zlib1g_1.2.11.dfsg-1ubuntu2_armhf.deb [48292/48292] -> "/build/chroot//var/cache/apt/archives/partial/zlib1g_1%3a1.2.11.dfsg-1ubuntu2_armhf.deb" [1]
gpgv: Signature made Thu Apr 18 09:41:01 2019 UTC
gpgv:                using RSA key 3B4FE6ACC0B21F32
gpgv: Good signature from "Ubuntu Archive Automatic Signing Key (2012) <ftpmaster@ubuntu.com>"
gpgv: Signature made Thu Apr 18 09:41:01 2019 UTC
gpgv:                using RSA key 871920D1991BC93C
gpgv: Good signature from "Ubuntu Archive Automatic Signing Key (2018) <ftpmaster@ubuntu.com>"
dpkg: warning: parsing file '/var/lib/dpkg/status' near line 5 package 'dpkg':
 missing 'Description' field
dpkg: warning: parsing file '/var/lib/dpkg/status' near line 5 package 'dpkg':
 missing 'Architecture' field
Selecting previously unselected package base-passwd.
(Reading database ... 0 files and directories currently installed.)
Preparing to unpack .../base-passwd_3.5.46_armhf.deb ...
Unpacking base-passwd (3.5.46) ...
dpkg: base-passwd: dependency problems, but configuring anyway as you requested:
 base-passwd depends on libc6 (>= 2.8); however:
  Package libc6 is not installed.
 base-passwd depends on libdebconfclient0 (>= 0.145); however:
  Package libdebconfclient0 is not installed.

Setting up base-passwd (3.5.46) ...
dpkg: warning: parsing file '/var/lib/dpkg/status' near line 24 package 'dpkg':
 missing 'Description' field
dpkg: warning: parsing file '/var/lib/dpkg/status' near line 24 package 'dpkg':
 missing 'Architecture' field
Selecting previously unselected package base-files.
dpkg: regarding .../base-files_10.1ubuntu9_armhf.deb containing base-files, pre-dependency problem:
 base-files pre-depends on awk
  awk is not installed.

dpkg: warning: ignoring pre-dependency problem!
(Reading database ... 41 files and directories currently installed.)
Preparing to unpack .../base-files_10.1ubuntu9_armhf.deb ...
Unpacking base-files (10.1ubuntu9) ...
dpkg: base-files: dependency problems, but configuring anyway as you requested:
 base-files depends on awk; however:
  Package awk is not installed.
 base-files depends on libc6 (>= 2.4); however:
  Package libc6 is not installed.

Setting up base-files (10.1ubuntu9) ...
dpkg: warning: parsing file '/var/lib/dpkg/status' near line 60 package 'dpkg':
 missing 'Description' field
dpkg: warning: parsing file '/var/lib/dpkg/status' near line 60 package 'dpkg':
 missing 'Architecture' field
dpkg: regarding .../dpkg_1.19.6ubuntu1_armhf.deb containing dpkg, pre-dependency problem:
 dpkg pre-depends on libbz2-1.0
  libbz2-1.0 is not installed.

dpkg: warning: ignoring pre-dependency problem!
dpkg: regarding .../dpkg_1.19.6ubuntu1_armhf.deb containing dpkg, pre-dependency problem:
 dpkg pre-depends on libc6 (>= 2.28)
  libc6 is not installed.

dpkg: warning: ignoring pre-dependency problem!
dpkg: regarding .../dpkg_1.19.6ubuntu1_armhf.deb containing dpkg, pre-dependency problem:
 dpkg pre-depends on liblzma5 (>= 5.2.2)
  liblzma5 is not installed.

dpkg: warning: ignoring pre-dependency problem!
dpkg: regarding .../dpkg_1.19.6ubuntu1_armhf.deb containing dpkg, pre-dependency problem:
 dpkg pre-depends on libselinux1 (>= 2.3)
  libselinux1 is not installed.

dpkg: warning: ignoring pre-dependency problem!
dpkg: regarding .../dpkg_1.19.6ubuntu1_armhf.deb containing dpkg, pre-dependency problem:
 dpkg pre-depends on libzstd1 (>= 1.3.2)
  libzstd1 is not installed.

dpkg: warning: ignoring pre-dependency problem!
dpkg: regarding .../dpkg_1.19.6ubuntu1_armhf.deb containing dpkg, pre-dependency problem:
 dpkg pre-depends on zlib1g (>= 1:1.1.4)
  zlib1g is not installed.

dpkg: warning: ignoring pre-dependency problem!
(Reading database ... 134 files and directories currently installed.)
Preparing to unpack .../dpkg_1.19.6ubuntu1_armhf.deb ...
Unpacking dpkg (1.19.6ubuntu1) over (1.19.6ubuntu1) ...
dpkg: dpkg: dependency problems, but configuring anyway as you requested:
 dpkg depends on libbz2-1.0; however:
  Package libbz2-1.0 is not installed.
 dpkg depends on libc6 (>= 2.28); however:
  Package libc6 is not installed.
 dpkg depends on liblzma5 (>= 5.2.2); however:
  Package liblzma5 is not installed.
 dpkg depends on libselinux1 (>= 2.3); however:
  Package libselinux1 is not installed.
 dpkg depends on libzstd1 (>= 1.3.2); however:
  Package libzstd1 is not installed.
 dpkg depends on zlib1g (>= 1:1.1.4); however:
  Package zlib1g is not installed.
 dpkg depends on tar (>= 1.28-1); however:
  Package tar is not installed.

Setting up dpkg (1.19.6ubuntu1) ...
Selecting previously unselected package libc6:armhf.
(Reading database ... 376 files and directories currently installed.)
Preparing to unpack .../libc6_2.29-0ubuntu2_armhf.deb ...
Unpacking libc6:armhf (2.29-0ubuntu2) ...
dpkg: libc6:armhf: dependency problems, but configuring anyway as you requested:
 libc6:armhf depends on libgcc1; however:
  Package libgcc1 is not installed.

Setting up libc6:armhf (2.29-0ubuntu2) ...
Selecting previously unselected package perl-base.
(Reading database ... 689 files and directories currently installed.)
Preparing to unpack .../perl-base_5.28.1-6_armhf.deb ...
Unpacking perl-base (5.28.1-6) ...
Setting up perl-base (5.28.1-6) ...
Selecting previously unselected package mawk.
(Reading database ... 1349 files and directories currently installed.)
Preparing to unpack .../mawk_1.3.3-17ubuntu3_armhf.deb ...
Unpacking mawk (1.3.3-17ubuntu3) ...
Setting up mawk (1.3.3-17ubuntu3) ...
(Reading database ... 1367 files and directories currently installed.)
Preparing to unpack .../base-files_10.1ubuntu9_armhf.deb ...
Unpacking base-files (10.1ubuntu9) over (10.1ubuntu9) ...
Preparing to unpack .../base-passwd_3.5.46_armhf.deb ...
Unpacking base-passwd (3.5.46) over (3.5.46) ...
Selecting previously unselected package bash.
dpkg: regarding .../bash_5.0-3ubuntu1_armhf.deb containing bash, pre-dependency problem:
 bash pre-depends on libtinfo6 (>= 6)
  libtinfo6 is not installed.

dpkg: warning: ignoring pre-dependency problem!
Preparing to unpack .../bash_5.0-3ubuntu1_armhf.deb ...
Unpacking bash (5.0-3ubuntu1) ...
Selecting previously unselected package bsdutils.
dpkg: regarding .../bsdutils_1%3a2.33.1-0.1ubuntu2_armhf.deb containing bsdutils, pre-dependency problem:
 bsdutils pre-depends on libsystemd0
  libsystemd0 is not installed.

dpkg: warning: ignoring pre-dependency problem!
Preparing to unpack .../bsdutils_1%3a2.33.1-0.1ubuntu2_armhf.deb ...
Unpacking bsdutils (1:2.33.1-0.1ubuntu2) ...
Selecting previously unselected package coreutils.
dpkg: regarding .../coreutils_8.30-1ubuntu1_armhf.deb containing coreutils, pre-dependency problem:
 coreutils pre-depends on libacl1 (>= 2.2.51-8)
  libacl1 is not installed.

dpkg: warning: ignoring pre-dependency problem!
dpkg: regarding .../coreutils_8.30-1ubuntu1_armhf.deb containing coreutils, pre-dependency problem:
 coreutils pre-depends on libattr1 (>= 1:2.4.46-8)
  libattr1 is not installed.

dpkg: warning: ignoring pre-dependency problem!
dpkg: regarding .../coreutils_8.30-1ubuntu1_armhf.deb containing coreutils, pre-dependency problem:
 coreutils pre-depends on libselinux1 (>= 2.1.13)
  libselinux1 is not installed.

dpkg: warning: ignoring pre-dependency problem!
Preparing to unpack .../coreutils_8.30-1ubuntu1_armhf.deb ...
Unpacking coreutils (8.30-1ubuntu1) ...
Selecting previously unselected package dash.
Preparing to unpack .../dash_0.5.10.2-4ubuntu1_armhf.deb ...
Unpacking dash (0.5.10.2-4ubuntu1) ...
Selecting previously unselected package debconf.
Preparing to unpack .../debconf_1.5.71_all.deb ...
Unpacking debconf (1.5.71) ...
Selecting previously unselected package debianutils.
Preparing to unpack .../debianutils_4.8.6.1_armhf.deb ...
Unpacking debianutils (4.8.6.1) ...
Selecting previously unselected package diffutils.
Preparing to unpack .../diffutils_1%3a3.7-2_armhf.deb ...
Unpacking diffutils (1:3.7-2) ...
dpkg: regarding .../dpkg_1.19.6ubuntu1_armhf.deb containing dpkg, pre-dependency problem:
 dpkg pre-depends on libbz2-1.0
  libbz2-1.0 is not installed.

dpkg: warning: ignoring pre-dependency problem!
dpkg: regarding .../dpkg_1.19.6ubuntu1_armhf.deb containing dpkg, pre-dependency problem:
 dpkg pre-depends on liblzma5 (>= 5.2.2)
  liblzma5 is not installed.

dpkg: warning: ignoring pre-dependency problem!
dpkg: regarding .../dpkg_1.19.6ubuntu1_armhf.deb containing dpkg, pre-dependency problem:
 dpkg pre-depends on libselinux1 (>= 2.3)
  libselinux1 is not installed.

dpkg: warning: ignoring pre-dependency problem!
dpkg: regarding .../dpkg_1.19.6ubuntu1_armhf.deb containing dpkg, pre-dependency problem:
 dpkg pre-depends on libzstd1 (>= 1.3.2)
  libzstd1 is not installed.

dpkg: warning: ignoring pre-dependency problem!
dpkg: regarding .../dpkg_1.19.6ubuntu1_armhf.deb containing dpkg, pre-dependency problem:
 dpkg pre-depends on zlib1g (>= 1:1.1.4)
  zlib1g is not installed.

dpkg: warning: ignoring pre-dependency problem!
Preparing to unpack .../dpkg_1.19.6ubuntu1_armhf.deb ...
Unpacking dpkg (1.19.6ubuntu1) over (1.19.6ubuntu1) ...
Selecting previously unselected package e2fsprogs.
dpkg: regarding .../e2fsprogs_1.44.6-1_armhf.deb containing e2fsprogs, pre-dependency problem:
 e2fsprogs pre-depends on libblkid1 (>= 2.17.2)
  libblkid1 is not installed.

dpkg: warning: ignoring pre-dependency problem!
dpkg: regarding .../e2fsprogs_1.44.6-1_armhf.deb containing e2fsprogs, pre-dependency problem:
 e2fsprogs pre-depends on libcom-err2 (>= 1.43.9)
  libcom-err2 is not installed.

dpkg: warning: ignoring pre-dependency problem!
dpkg: regarding .../e2fsprogs_1.44.6-1_armhf.deb containing e2fsprogs, pre-dependency problem:
 e2fsprogs pre-depends on libext2fs2 (= 1.44.6-1)
  libext2fs2 is not installed.

dpkg: warning: ignoring pre-dependency problem!
dpkg: regarding .../e2fsprogs_1.44.6-1_armhf.deb containing e2fsprogs, pre-dependency problem:
 e2fsprogs pre-depends on libss2 (>= 1.38)
  libss2 is not installed.

dpkg: warning: ignoring pre-dependency problem!
dpkg: regarding .../e2fsprogs_1.44.6-1_armhf.deb containing e2fsprogs, pre-dependency problem:
 e2fsprogs pre-depends on libuuid1 (>= 2.16)
  libuuid1 is not installed.

dpkg: warning: ignoring pre-dependency problem!
Preparing to unpack .../e2fsprogs_1.44.6-1_armhf.deb ...
Unpacking e2fsprogs (1.44.6-1) ...
Selecting previously unselected package fdisk.
Preparing to unpack .../fdisk_2.33.1-0.1ubuntu2_armhf.deb ...
Unpacking fdisk (2.33.1-0.1ubuntu2) ...
Selecting previously unselected package findutils.
dpkg: regarding .../findutils_4.6.0+git+20190209-2_armhf.deb containing findutils, pre-dependency problem:
 findutils pre-depends on libselinux1 (>= 1.32)
  libselinux1 is not installed.

dpkg: warning: ignoring pre-dependency problem!
Preparing to unpack .../findutils_4.6.0+git+20190209-2_armhf.deb ...
Unpacking findutils (4.6.0+git+20190209-2) ...
Selecting previously unselected package gcc-9-base:armhf.
Preparing to unpack .../gcc-9-base_9-20190402-1ubuntu1_armhf.deb ...
Unpacking gcc-9-base:armhf (9-20190402-1ubuntu1) ...
Selecting previously unselected package grep.
dpkg: regarding .../archives/grep_3.3-1_armhf.deb containing grep, pre-dependency problem:
 grep pre-depends on libpcre3
  libpcre3 is not installed.

dpkg: warning: ignoring pre-dependency problem!
Preparing to unpack .../archives/grep_3.3-1_armhf.deb ...
Unpacking grep (3.3-1) ...
Selecting previously unselected package gzip.
Preparing to unpack .../archives/gzip_1.9-3_armhf.deb ...
Unpacking gzip (1.9-3) ...
Selecting previously unselected package hostname.
Preparing to unpack .../hostname_3.21_armhf.deb ...
Unpacking hostname (3.21) ...
Selecting previously unselected package init-system-helpers.
Preparing to unpack .../init-system-helpers_1.56+nmu1_all.deb ...
Unpacking init-system-helpers (1.56+nmu1) ...
Selecting previously unselected package libacl1:armhf.
Preparing to unpack .../libacl1_2.2.53-4_armhf.deb ...
Unpacking libacl1:armhf (2.2.53-4) ...
Selecting previously unselected package libattr1:armhf.
Preparing to unpack .../libattr1_1%3a2.4.48-4_armhf.deb ...
Unpacking libattr1:armhf (1:2.4.48-4) ...
Selecting previously unselected package libaudit-common.
Preparing to unpack .../libaudit-common_1%3a2.8.3-1ubuntu3_all.deb ...
Unpacking libaudit-common (1:2.8.3-1ubuntu3) ...
Selecting previously unselected package libaudit1:armhf.
Preparing to unpack .../libaudit1_1%3a2.8.3-1ubuntu3_armhf.deb ...
Unpacking libaudit1:armhf (1:2.8.3-1ubuntu3) ...
Selecting previously unselected package libblkid1:armhf.
Preparing to unpack .../libblkid1_2.33.1-0.1ubuntu2_armhf.deb ...
Unpacking libblkid1:armhf (2.33.1-0.1ubuntu2) ...
Selecting previously unselected package libbz2-1.0:armhf.
Preparing to unpack .../libbz2-1.0_1.0.6-9_armhf.deb ...
Unpacking libbz2-1.0:armhf (1.0.6-9) ...
Selecting previously unselected package libc-bin.
Preparing to unpack .../libc-bin_2.29-0ubuntu2_armhf.deb ...
Unpacking libc-bin (2.29-0ubuntu2) ...
Preparing to unpack .../libc6_2.29-0ubuntu2_armhf.deb ...
Unpacking libc6:armhf (2.29-0ubuntu2) over (2.29-0ubuntu2) ...
Selecting previously unselected package libcap-ng0:armhf.
Preparing to unpack .../libcap-ng0_0.7.9-2_armhf.deb ...
Unpacking libcap-ng0:armhf (0.7.9-2) ...
Selecting previously unselected package libcom-err2:armhf.
Preparing to unpack .../libcom-err2_1.44.6-1_armhf.deb ...
Unpacking libcom-err2:armhf (1.44.6-1) ...
Selecting previously unselected package libdb5.3:armhf.
Preparing to unpack .../libdb5.3_5.3.28+dfsg1-0.5_armhf.deb ...
Unpacking libdb5.3:armhf (5.3.28+dfsg1-0.5) ...
Selecting previously unselected package libdebconfclient0:armhf.
Preparing to unpack .../libdebconfclient0_0.247ubuntu1_armhf.deb ...
Unpacking libdebconfclient0:armhf (0.247ubuntu1) ...
Selecting previously unselected package libext2fs2:armhf.
Preparing to unpack .../libext2fs2_1.44.6-1_armhf.deb ...
Unpacking libext2fs2:armhf (1.44.6-1) ...
Selecting previously unselected package libfdisk1:armhf.
Preparing to unpack .../libfdisk1_2.33.1-0.1ubuntu2_armhf.deb ...
Unpacking libfdisk1:armhf (2.33.1-0.1ubuntu2) ...
Selecting previously unselected package libgcc1:armhf.
Preparing to unpack .../libgcc1_1%3a9-20190402-1ubuntu1_armhf.deb ...
Unpacking libgcc1:armhf (1:9-20190402-1ubuntu1) ...
Selecting previously unselected package libgcrypt20:armhf.
Preparing to unpack .../libgcrypt20_1.8.4-3ubuntu1_armhf.deb ...
Unpacking libgcrypt20:armhf (1.8.4-3ubuntu1) ...
Selecting previously unselected package libgpg-error0:armhf.
Preparing to unpack .../libgpg-error0_1.35-1_armhf.deb ...
Unpacking libgpg-error0:armhf (1.35-1) ...
Selecting previously unselected package liblz4-1:armhf.
Preparing to unpack .../liblz4-1_1.8.3-1ubuntu1_armhf.deb ...
Unpacking liblz4-1:armhf (1.8.3-1ubuntu1) ...
Selecting previously unselected package liblzma5:armhf.
Preparing to unpack .../liblzma5_5.2.4-1_armhf.deb ...
Unpacking liblzma5:armhf (5.2.4-1) ...
Selecting previously unselected package libmount1:armhf.
Preparing to unpack .../libmount1_2.33.1-0.1ubuntu2_armhf.deb ...
Unpacking libmount1:armhf (2.33.1-0.1ubuntu2) ...
Selecting previously unselected package libncurses6:armhf.
Preparing to unpack .../libncurses6_6.1+20181013-2ubuntu2_armhf.deb ...
Unpacking libncurses6:armhf (6.1+20181013-2ubuntu2) ...
Selecting previously unselected package libncursesw6:armhf.
Preparing to unpack .../libncursesw6_6.1+20181013-2ubuntu2_armhf.deb ...
Unpacking libncursesw6:armhf (6.1+20181013-2ubuntu2) ...
Selecting previously unselected package libpam-modules:armhf.
dpkg: regarding .../libpam-modules_1.3.1-5ubuntu1_armhf.deb containing libpam-modules:armhf, pre-dependency problem:
 libpam-modules pre-depends on libaudit1 (>= 1:2.2.1)
  libaudit1:armhf is unpacked, but has never been configured.

dpkg: warning: ignoring pre-dependency problem!
dpkg: regarding .../libpam-modules_1.3.1-5ubuntu1_armhf.deb containing libpam-modules:armhf, pre-dependency problem:
 libpam-modules pre-depends on libdb5.3
  libdb5.3:armhf is unpacked, but has never been configured.

dpkg: warning: ignoring pre-dependency problem!
dpkg: regarding .../libpam-modules_1.3.1-5ubuntu1_armhf.deb containing libpam-modules:armhf, pre-dependency problem:
 libpam-modules pre-depends on libpam0g (>= 1.3.1)
  libpam0g is not installed.

dpkg: warning: ignoring pre-dependency problem!
dpkg: regarding .../libpam-modules_1.3.1-5ubuntu1_armhf.deb containing libpam-modules:armhf, pre-dependency problem:
 libpam-modules pre-depends on libselinux1 (>= 2.1.9)
  libselinux1 is not installed.

dpkg: warning: ignoring pre-dependency problem!
dpkg: regarding .../libpam-modules_1.3.1-5ubuntu1_armhf.deb containing libpam-modules:armhf, pre-dependency problem:
 libpam-modules pre-depends on debconf (>= 0.5) | debconf-2.0
  debconf is unpacked, but has never been configured.
  debconf provides debconf-2.0 but is unpacked but not configured.

dpkg: warning: ignoring pre-dependency problem!
dpkg: regarding .../libpam-modules_1.3.1-5ubuntu1_armhf.deb containing libpam-modules:armhf, pre-dependency problem:
 libpam-modules pre-depends on libpam-modules-bin (= 1.3.1-5ubuntu1)
  libpam-modules-bin is not installed.

dpkg: warning: ignoring pre-dependency problem!
Preparing to unpack .../libpam-modules_1.3.1-5ubuntu1_armhf.deb ...
Unpacking libpam-modules:armhf (1.3.1-5ubuntu1) ...
Selecting previously unselected package libpam-modules-bin.
Preparing to unpack .../libpam-modules-bin_1.3.1-5ubuntu1_armhf.deb ...
Unpacking libpam-modules-bin (1.3.1-5ubuntu1) ...
Selecting previously unselected package libpam-runtime.
Preparing to unpack .../libpam-runtime_1.3.1-5ubuntu1_all.deb ...
Unpacking libpam-runtime (1.3.1-5ubuntu1) ...
Selecting previously unselected package libpam0g:armhf.
Preparing to unpack .../libpam0g_1.3.1-5ubuntu1_armhf.deb ...
Unpacking libpam0g:armhf (1.3.1-5ubuntu1) ...
Selecting previously unselected package libpcre3:armhf.
Preparing to unpack .../libpcre3_2%3a8.39-12_armhf.deb ...
Unpacking libpcre3:armhf (2:8.39-12) ...
Selecting previously unselected package libprocps7:armhf.
Preparing to unpack .../libprocps7_2%3a3.3.15-2ubuntu2_armhf.deb ...
Unpacking libprocps7:armhf (2:3.3.15-2ubuntu2) ...
Selecting previously unselected package libselinux1:armhf.
Preparing to unpack .../libselinux1_2.8-1build2_armhf.deb ...
Unpacking libselinux1:armhf (2.8-1build2) ...
Selecting previously unselected package libsemanage-common.
Preparing to unpack .../libsemanage-common_2.8-2_all.deb ...
Unpacking libsemanage-common (2.8-2) ...
Selecting previously unselected package libsemanage1:armhf.
Preparing to unpack .../libsemanage1_2.8-2_armhf.deb ...
Unpacking libsemanage1:armhf (2.8-2) ...
Selecting previously unselected package libsepol1:armhf.
Preparing to unpack .../libsepol1_2.8-1_armhf.deb ...
Unpacking libsepol1:armhf (2.8-1) ...
Selecting previously unselected package libsmartcols1:armhf.
Preparing to unpack .../libsmartcols1_2.33.1-0.1ubuntu2_armhf.deb ...
Unpacking libsmartcols1:armhf (2.33.1-0.1ubuntu2) ...
Selecting previously unselected package libss2:armhf.
Preparing to unpack .../libss2_1.44.6-1_armhf.deb ...
Unpacking libss2:armhf (1.44.6-1) ...
Selecting previously unselected package libsystemd0:armhf.
dpkg: regarding .../libsystemd0_240-6ubuntu5_armhf.deb containing libsystemd0:armhf, pre-dependency problem:
 libsystemd0 pre-depends on libgcrypt20 (>= 1.8.0)
  libgcrypt20:armhf is unpacked, but has never been configured.

dpkg: warning: ignoring pre-dependency problem!
dpkg: regarding .../libsystemd0_240-6ubuntu5_armhf.deb containing libsystemd0:armhf, pre-dependency problem:
 libsystemd0 pre-depends on liblz4-1 (>= 0.0~r122)
  liblz4-1:armhf is unpacked, but has never been configured.

dpkg: warning: ignoring pre-dependency problem!
dpkg: regarding .../libsystemd0_240-6ubuntu5_armhf.deb containing libsystemd0:armhf, pre-dependency problem:
 libsystemd0 pre-depends on liblzma5 (>= 5.1.1alpha+20120614)
  liblzma5:armhf is unpacked, but has never been configured.

dpkg: warning: ignoring pre-dependency problem!
Preparing to unpack .../libsystemd0_240-6ubuntu5_armhf.deb ...
Unpacking libsystemd0:armhf (240-6ubuntu5) ...
Selecting previously unselected package libtinfo6:armhf.
Preparing to unpack .../libtinfo6_6.1+20181013-2ubuntu2_armhf.deb ...
Unpacking libtinfo6:armhf (6.1+20181013-2ubuntu2) ...
Selecting previously unselected package libudev1:armhf.
Preparing to unpack .../libudev1_240-6ubuntu5_armhf.deb ...
Unpacking libudev1:armhf (240-6ubuntu5) ...
Selecting previously unselected package libuuid1:armhf.
Preparing to unpack .../libuuid1_2.33.1-0.1ubuntu2_armhf.deb ...
Unpacking libuuid1:armhf (2.33.1-0.1ubuntu2) ...
Selecting previously unselected package libzstd1:armhf.
Preparing to unpack .../libzstd1_1.3.8+dfsg-3_armhf.deb ...
Unpacking libzstd1:armhf (1.3.8+dfsg-3) ...
Selecting previously unselected package login.
dpkg: regarding .../login_1%3a4.5-1.1ubuntu2_armhf.deb containing login, pre-dependency problem:
 login pre-depends on libaudit1 (>= 1:2.2.1)
  libaudit1:armhf is unpacked, but has never been configured.

dpkg: warning: ignoring pre-dependency problem!
dpkg: regarding .../login_1%3a4.5-1.1ubuntu2_armhf.deb containing login, pre-dependency problem:
 login pre-depends on libpam0g (>= 0.99.7.1)
  libpam0g:armhf is unpacked, but has never been configured.

dpkg: warning: ignoring pre-dependency problem!
dpkg: regarding .../login_1%3a4.5-1.1ubuntu2_armhf.deb containing login, pre-dependency problem:
 login pre-depends on libpam-runtime
  libpam-runtime is unpacked, but has never been configured.

dpkg: warning: ignoring pre-dependency problem!
dpkg: regarding .../login_1%3a4.5-1.1ubuntu2_armhf.deb containing login, pre-dependency problem:
 login pre-depends on libpam-modules (>= 1.1.8-1)
  libpam-modules:armhf is unpacked, but has never been configured.

dpkg: warning: ignoring pre-dependency problem!
Preparing to unpack .../login_1%3a4.5-1.1ubuntu2_armhf.deb ...
Unpacking login (1:4.5-1.1ubuntu2) ...
Selecting previously unselected package lsb-base.
Preparing to unpack .../lsb-base_10.2019031300ubuntu1_all.deb ...
Unpacking lsb-base (10.2019031300ubuntu1) ...
Preparing to unpack .../mawk_1.3.3-17ubuntu3_armhf.deb ...
Unpacking mawk (1.3.3-17ubuntu3) over (1.3.3-17ubuntu3) ...
Selecting previously unselected package mount.
dpkg: regarding .../mount_2.33.1-0.1ubuntu2_armhf.deb containing mount, pre-dependency problem:
 mount pre-depends on libblkid1 (>= 2.17.2)
  libblkid1:armhf is unpacked, but has never been configured.

dpkg: warning: ignoring pre-dependency problem!
dpkg: regarding .../mount_2.33.1-0.1ubuntu2_armhf.deb containing mount, pre-dependency problem:
 mount pre-depends on libmount1 (>= 2.33)
  libmount1:armhf is unpacked, but has never been configured.

dpkg: warning: ignoring pre-dependency problem!
dpkg: regarding .../mount_2.33.1-0.1ubuntu2_armhf.deb containing mount, pre-dependency problem:
 mount pre-depends on libsmartcols1 (>= 2.33)
  libsmartcols1:armhf is unpacked, but has never been configured.

dpkg: warning: ignoring pre-dependency problem!
Preparing to unpack .../mount_2.33.1-0.1ubuntu2_armhf.deb ...
Unpacking mount (2.33.1-0.1ubuntu2) ...
Selecting previously unselected package ncurses-base.
Preparing to unpack .../ncurses-base_6.1+20181013-2ubuntu2_all.deb ...
Unpacking ncurses-base (6.1+20181013-2ubuntu2) ...
Selecting previously unselected package ncurses-bin.
dpkg: regarding .../ncurses-bin_6.1+20181013-2ubuntu2_armhf.deb containing ncurses-bin, pre-dependency problem:
 ncurses-bin pre-depends on libtinfo6 (>= 6.1)
  libtinfo6:armhf is unpacked, but has never been configured.

dpkg: warning: ignoring pre-dependency problem!
Preparing to unpack .../ncurses-bin_6.1+20181013-2ubuntu2_armhf.deb ...
Unpacking ncurses-bin (6.1+20181013-2ubuntu2) ...
Selecting previously unselected package passwd.
Preparing to unpack .../passwd_1%3a4.5-1.1ubuntu2_armhf.deb ...
Unpacking passwd (1:4.5-1.1ubuntu2) ...
Preparing to unpack .../perl-base_5.28.1-6_armhf.deb ...
Unpacking perl-base (5.28.1-6) over (5.28.1-6) ...
Selecting previously unselected package procps.
Preparing to unpack .../procps_2%3a3.3.15-2ubuntu2_armhf.deb ...
Unpacking procps (2:3.3.15-2ubuntu2) ...
Selecting previously unselected package sed.
dpkg: regarding .../archives/sed_4.7-1_armhf.deb containing sed, pre-dependency problem:
 sed pre-depends on libacl1 (>= 2.2.51-8)
  libacl1:armhf is unpacked, but has never been configured.

dpkg: warning: ignoring pre-dependency problem!
dpkg: regarding .../archives/sed_4.7-1_armhf.deb containing sed, pre-dependency problem:
 sed pre-depends on libselinux1 (>= 1.32)
  libselinux1:armhf is unpacked, but has never been configured.

dpkg: warning: ignoring pre-dependency problem!
Preparing to unpack .../archives/sed_4.7-1_armhf.deb ...
Unpacking sed (4.7-1) ...
Selecting previously unselected package sensible-utils.
Preparing to unpack .../sensible-utils_0.0.12_all.deb ...
Unpacking sensible-utils (0.0.12) ...
Selecting previously unselected package sysvinit-utils.
Preparing to unpack .../sysvinit-utils_2.88dsf-59.10ubuntu2_armhf.deb ...
Unpacking sysvinit-utils (2.88dsf-59.10ubuntu2) ...
Selecting previously unselected package tar.
dpkg: regarding .../tar_1.30+dfsg-5_armhf.deb containing tar, pre-dependency problem:
 tar pre-depends on libacl1 (>= 2.2.51-8)
  libacl1:armhf is unpacked, but has never been configured.

dpkg: warning: ignoring pre-dependency problem!
dpkg: regarding .../tar_1.30+dfsg-5_armhf.deb containing tar, pre-dependency problem:
 tar pre-depends on libselinux1 (>= 1.32)
  libselinux1:armhf is unpacked, but has never been configured.

dpkg: warning: ignoring pre-dependency problem!
Preparing to unpack .../tar_1.30+dfsg-5_armhf.deb ...
Unpacking tar (1.30+dfsg-5) ...
Selecting previously unselected package util-linux.
dpkg: regarding .../util-linux_2.33.1-0.1ubuntu2_armhf.deb containing util-linux, pre-dependency problem:
 util-linux pre-depends on libaudit1 (>= 1:2.2.1)
  libaudit1:armhf is unpacked, but has never been configured.

dpkg: warning: ignoring pre-dependency problem!
dpkg: regarding .../util-linux_2.33.1-0.1ubuntu2_armhf.deb containing util-linux, pre-dependency problem:
 util-linux pre-depends on libblkid1 (>= 2.31.1)
  libblkid1:armhf is unpacked, but has never been configured.

dpkg: warning: ignoring pre-dependency problem!
dpkg: regarding .../util-linux_2.33.1-0.1ubuntu2_armhf.deb containing util-linux, pre-dependency problem:
 util-linux pre-depends on libcap-ng0 (>= 0.7.9)
  libcap-ng0:armhf is unpacked, but has never been configured.

dpkg: warning: ignoring pre-dependency problem!
dpkg: regarding .../util-linux_2.33.1-0.1ubuntu2_armhf.deb containing util-linux, pre-dependency problem:
 util-linux pre-depends on libmount1 (>= 2.25)
  libmount1:armhf is unpacked, but has never been configured.

dpkg: warning: ignoring pre-dependency problem!
dpkg: regarding .../util-linux_2.33.1-0.1ubuntu2_armhf.deb containing util-linux, pre-dependency problem:
 util-linux pre-depends on libpam0g (>= 0.99.7.1)
  libpam0g:armhf is unpacked, but has never been configured.

dpkg: warning: ignoring pre-dependency problem!
dpkg: regarding .../util-linux_2.33.1-0.1ubuntu2_armhf.deb containing util-linux, pre-dependency problem:
 util-linux pre-depends on libselinux1 (>= 2.6-3~)
  libselinux1:armhf is unpacked, but has never been configured.

dpkg: warning: ignoring pre-dependency problem!
dpkg: regarding .../util-linux_2.33.1-0.1ubuntu2_armhf.deb containing util-linux, pre-dependency problem:
 util-linux pre-depends on libsmartcols1 (>= 2.33)
  libsmartcols1:armhf is unpacked, but has never been configured.

dpkg: warning: ignoring pre-dependency problem!
dpkg: regarding .../util-linux_2.33.1-0.1ubuntu2_armhf.deb containing util-linux, pre-dependency problem:
 util-linux pre-depends on libsystemd0
  libsystemd0:armhf is unpacked, but has never been configured.

dpkg: warning: ignoring pre-dependency problem!
dpkg: regarding .../util-linux_2.33.1-0.1ubuntu2_armhf.deb containing util-linux, pre-dependency problem:
 util-linux pre-depends on libtinfo6 (>= 6)
  libtinfo6:armhf is unpacked, but has never been configured.

dpkg: warning: ignoring pre-dependency problem!
dpkg: regarding .../util-linux_2.33.1-0.1ubuntu2_armhf.deb containing util-linux, pre-dependency problem:
 util-linux pre-depends on libudev1 (>= 183)
  libudev1:armhf is unpacked, but has never been configured.

dpkg: warning: ignoring pre-dependency problem!
dpkg: regarding .../util-linux_2.33.1-0.1ubuntu2_armhf.deb containing util-linux, pre-dependency problem:
 util-linux pre-depends on libuuid1 (>= 2.16)
  libuuid1:armhf is unpacked, but has never been configured.

dpkg: warning: ignoring pre-dependency problem!
dpkg: regarding .../util-linux_2.33.1-0.1ubuntu2_armhf.deb containing util-linux, pre-dependency problem:
 util-linux pre-depends on zlib1g (>= 1:1.1.4)
  zlib1g is not installed.

dpkg: warning: ignoring pre-dependency problem!
Preparing to unpack .../util-linux_2.33.1-0.1ubuntu2_armhf.deb ...
Unpacking util-linux (2.33.1-0.1ubuntu2) ...
Selecting previously unselected package zlib1g:armhf.
Preparing to unpack .../zlib1g_1%3a1.2.11.dfsg-1ubuntu2_armhf.deb ...
Unpacking zlib1g:armhf (1:1.2.11.dfsg-1ubuntu2) ...
Setting up lsb-base (10.2019031300ubuntu1) ...
Setting up libaudit-common (1:2.8.3-1ubuntu3) ...
Setting up libsemanage-common (2.8-2) ...
Setting up ncurses-base (6.1+20181013-2ubuntu2) ...
Setting up sensible-utils (0.0.12) ...
Setting up gcc-9-base:armhf (9-20190402-1ubuntu1) ...
Setting up libc6:armhf (2.29-0ubuntu2) ...
Setting up libudev1:armhf (240-6ubuntu5) ...
Setting up libsepol1:armhf (2.8-1) ...
Setting up libattr1:armhf (1:2.4.48-4) ...
Setting up debianutils (4.8.6.1) ...
Setting up mawk (1.3.3-17ubuntu3) ...
Setting up libdebconfclient0:armhf (0.247ubuntu1) ...
Setting up base-files (10.1ubuntu9) ...
Setting up libbz2-1.0:armhf (1.0.6-9) ...
Setting up base-passwd (3.5.46) ...
Setting up libdb5.3:armhf (5.3.28+dfsg1-0.5) ...
Setting up libtinfo6:armhf (6.1+20181013-2ubuntu2) ...
Setting up bash (5.0-3ubuntu1) ...
update-alternatives: using /usr/share/man/man7/bash-builtins.7.gz to provide /usr/share/man/man7/builtins.7.gz (builtins.7.gz) in auto mode
Setting up libzstd1:armhf (1.3.8+dfsg-3) ...
Setting up liblzma5:armhf (5.2.4-1) ...
Setting up libgpg-error0:armhf (1.35-1) ...
Setting up libgcc1:armhf (1:9-20190402-1ubuntu1) ...
Setting up liblz4-1:armhf (1.8.3-1ubuntu1) ...
Setting up libc-bin (2.29-0ubuntu2) ...
Setting up ncurses-bin (6.1+20181013-2ubuntu2) ...
Setting up libacl1:armhf (2.2.53-4) ...
Setting up libsmartcols1:armhf (2.33.1-0.1ubuntu2) ...
Setting up libgcrypt20:armhf (1.8.4-3ubuntu1) ...
Setting up zlib1g:armhf (1:1.2.11.dfsg-1ubuntu2) ...
Setting up libcom-err2:armhf (1.44.6-1) ...
Setting up diffutils (1:3.7-2) ...
Setting up libsystemd0:armhf (240-6ubuntu5) ...
Setting up hostname (3.21) ...
Setting up libpcre3:armhf (2:8.39-12) ...
Setting up libcap-ng0:armhf (0.7.9-2) ...
Setting up libext2fs2:armhf (1.44.6-1) ...
Setting up libncurses6:armhf (6.1+20181013-2ubuntu2) ...
Setting up libaudit1:armhf (1:2.8.3-1ubuntu3) ...
Setting up libuuid1:armhf (2.33.1-0.1ubuntu2) ...
Setting up libss2:armhf (1.44.6-1) ...
Setting up libncursesw6:armhf (6.1+20181013-2ubuntu2) ...
Setting up libblkid1:armhf (2.33.1-0.1ubuntu2) ...
Setting up bsdutils (1:2.33.1-0.1ubuntu2) ...
Setting up libprocps7:armhf (2:3.3.15-2ubuntu2) ...
Setting up e2fsprogs (1.44.6-1) ...
Setting up libselinux1:armhf (2.8-1build2) ...
Setting up sed (4.7-1) ...
Setting up libfdisk1:armhf (2.33.1-0.1ubuntu2) ...
Setting up findutils (4.6.0+git+20190209-2) ...
Setting up libmount1:armhf (2.33.1-0.1ubuntu2) ...
Setting up libsemanage1:armhf (2.8-2) ...
Setting up tar (1.30+dfsg-5) ...
update-alternatives: using /usr/sbin/rmt-tar to provide /usr/sbin/rmt (rmt) in auto mode
Setting up coreutils (8.30-1ubuntu1) ...
Setting up fdisk (2.33.1-0.1ubuntu2) ...
Setting up dpkg (1.19.6ubuntu1) ...
Setting up grep (3.3-1) ...
Setting up perl-base (5.28.1-6) ...
Setting up init-system-helpers (1.56+nmu1) ...
Setting up gzip (1.9-3) ...
Setting up procps (2:3.3.15-2ubuntu2) ...
update-alternatives: using /usr/bin/w.procps to provide /usr/bin/w (w) in auto mode
Setting up debconf (1.5.71) ...
Setting up libpam0g:armhf (1.3.1-5ubuntu1) ...
Setting up dash (0.5.10.2-4ubuntu1) ...
No diversion 'diversion of /bin/sh by bash', none removed.
Adding 'diversion of /bin/sh to /bin/sh.distrib by dash'
No diversion 'diversion of /usr/share/man/man1/sh.1.gz by bash', none removed.
Adding 'diversion of /usr/share/man/man1/sh.1.gz to /usr/share/man/man1/sh.distrib.1.gz by dash'
Setting up libpam-modules-bin (1.3.1-5ubuntu1) ...
Setting up libpam-modules:armhf (1.3.1-5ubuntu1) ...
Setting up passwd (1:4.5-1.1ubuntu2) ...
Shadow passwords are now on.
Setting up libpam-runtime (1.3.1-5ubuntu1) ...
Setting up login (1:4.5-1.1ubuntu2) ...
Setting up util-linux (2.33.1-0.1ubuntu2) ...
update-alternatives: using /bin/more to provide /usr/bin/pager (pager) in auto mode
Setting up mount (2.33.1-0.1ubuntu2) ...
Setting up sysvinit-utils (2.88dsf-59.10ubuntu2) ...
Processing triggers for libc-bin (2.29-0ubuntu2) ...
(Reading database ... 3550 files and directories currently installed.)
Preparing to unpack .../adduser_3.118ubuntu1_all.deb ...
Unpacking adduser (3.118ubuntu1) ...
Preparing to unpack .../archives/apt_1.8.0_armhf.deb ...
Unpacking apt (1.8.0) ...
Preparing to unpack .../bzip2_1.0.6-9_armhf.deb ...
Unpacking bzip2 (1.0.6-9) ...
Preparing to unpack .../gpgv_2.2.12-1ubuntu3_armhf.deb ...
Unpacking gpgv (2.2.12-1ubuntu3) ...
Preparing to unpack .../libapt-pkg5.0_1.8.0_armhf.deb ...
Unpacking libapt-pkg5.0:armhf (1.8.0) ...
Preparing to unpack .../libffi6_3.2.1-9_armhf.deb ...
Unpacking libffi6:armhf (3.2.1-9) ...
Preparing to unpack .../libgmp10_2%3a6.1.2+dfsg-4_armhf.deb ...
Unpacking libgmp10:armhf (2:6.1.2+dfsg-4) ...
Preparing to unpack .../libgnutls30_3.6.5-2ubuntu1_armhf.deb ...
Unpacking libgnutls30:armhf (3.6.5-2ubuntu1) ...
Preparing to unpack .../libhogweed4_3.4.1-1_armhf.deb ...
Unpacking libhogweed4:armhf (3.4.1-1) ...
Preparing to unpack .../libidn2-0_2.0.5-1_armhf.deb ...
Unpacking libidn2-0:armhf (2.0.5-1) ...
Preparing to unpack .../libnettle6_3.4.1-1_armhf.deb ...
Unpacking libnettle6:armhf (3.4.1-1) ...
Preparing to unpack .../libp11-kit0_0.23.15-2_armhf.deb ...
Unpacking libp11-kit0:armhf (0.23.15-2) ...
Preparing to unpack .../libseccomp2_2.3.3-3ubuntu2_armhf.deb ...
Unpacking libseccomp2:armhf (2.3.3-3ubuntu2) ...
Preparing to unpack .../libstdc++6_9-20190402-1ubuntu1_armhf.deb ...
Unpacking libstdc++6:armhf (9-20190402-1ubuntu1) ...
Preparing to unpack .../libtasn1-6_4.13-3_armhf.deb ...
Unpacking libtasn1-6:armhf (4.13-3) ...
Preparing to unpack .../libunistring2_0.9.10-1ubuntu2_armhf.deb ...
Unpacking libunistring2:armhf (0.9.10-1ubuntu2) ...
Preparing to unpack .../ubuntu-keyring_2018.09.18.1_all.deb ...
Unpacking ubuntu-keyring (2018.09.18.1) ...
Processing triggers for libc-bin (2.29-0ubuntu2) ...
Setting up adduser (3.118ubuntu1) ...
Setting up libunistring2:armhf (0.9.10-1ubuntu2) ...
Setting up libffi6:armhf (3.2.1-9) ...
Setting up libidn2-0:armhf (2.0.5-1) ...
Setting up bzip2 (1.0.6-9) ...
Setting up ubuntu-keyring (2018.09.18.1) ...
Setting up libseccomp2:armhf (2.3.3-3ubuntu2) ...
Setting up libgmp10:armhf (2:6.1.2+dfsg-4) ...
Setting up libp11-kit0:armhf (0.23.15-2) ...
Setting up libnettle6:armhf (3.4.1-1) ...
Setting up gpgv (2.2.12-1ubuntu3) ...
Setting up libtasn1-6:armhf (4.13-3) ...
Setting up libstdc++6:armhf (9-20190402-1ubuntu1) ...
Setting up libhogweed4:armhf (3.4.1-1) ...
Setting up libgnutls30:armhf (3.6.5-2ubuntu1) ...
Setting up libapt-pkg5.0:armhf (1.8.0) ...
Setting up apt (1.8.0) ...
Processing triggers for libc-bin (2.29-0ubuntu2) ...
